<?xml version="1.0" encoding="UTF-8"?>
<testsuite name="project.group.LibraryTest" tests="1" skipped="0" failures="0" errors="0" timestamp="2020-10-19T21:31:43" hostname="ryad-Blade-15-Mid-2019-Base" time="0.001">
  <properties/>
  <testcase name="testSomeLibraryMethod" classname="project.group.LibraryTest" time="0.001"/>
  <system-out><![CDATA[]]></system-out>
  <system-err><![CDATA[]]></system-err>
</testsuite>
